{"numFailedTestSuites":0,"numFailedTests":0,"numPassedTestSuites":4,"numPassedTests":26,"numPendingTestSuites":0,"numPendingTests":0,"numRuntimeErrorTestSuites":0,"numTodoTests":0,"numTotalTestSuites":4,"numTotalTests":26,"openHandles":[],"snapshot":{"added":0,"didUpdate":false,"failure":false,"filesAdded":0,"filesRemoved":0,"filesRemovedList":[],"filesUnmatched":0,"filesUpdated":0,"matched":0,"total":0,"unchecked":0,"uncheckedKeysByFile":[],"unmatched":0,"updated":0},"startTime":1684379266590,"success":true,"testResults":[{"assertionResults":[{"ancestorTitles":[],"failureMessages":[],"fullName":"renders learn react link","location":null,"status":"passed","title":"renders learn react link"}],"endTime":1684379270838,"message":"","name":"C:\\Users\\Rahul Kumar\\Documents\\criodo\\geektrust admin ui\\geektrust-adminui-challenge\\src\\App.test.js","startTime":1684379268588,"status":"passed","summary":""},{"assertionResults":[{"ancestorTitles":["Admin-UI - Search Bar Test"],"failureMessages":[],"fullName":"Admin-UI - Search Bar Test 1. should have a search bar","location":null,"status":"passed","title":"1. should have a search bar"},{"ancestorTitles":["Admin-UI - Search Bar Test"],"failureMessages":[],"fullName":"Admin-UI - Search Bar Test 2. should perform search based on name","location":null,"status":"passed","title":"2. should perform search based on name"},{"ancestorTitles":["Admin-UI - Search Bar Test"],"failureMessages":[],"fullName":"Admin-UI - Search Bar Test 3. should perform search based on email","location":null,"status":"passed","title":"3. should perform search based on email"},{"ancestorTitles":["Admin-UI - Search Bar Test"],"failureMessages":[],"fullName":"Admin-UI - Search Bar Test 4. should perform search based on role","location":null,"status":"passed","title":"4. should perform search based on role"},{"ancestorTitles":["Admin-UI - Search Bar Test"],"failureMessages":[],"fullName":"Admin-UI - Search Bar Test 5. should show 'no records found' if search string does not get user record","location":null,"status":"passed","title":"5. should show 'no records found' if search string does not get user record"}],"endTime":1684379271432,"message":"","name":"C:\\Users\\Rahul Kumar\\Documents\\criodo\\geektrust admin ui\\geektrust-adminui-challenge\\src\\__tests__\\SearchBar.test.js","startTime":1684379268596,"status":"passed","summary":""},{"assertionResults":[{"ancestorTitles":["Admin-UI - Pagination Section and Delete Selected Test"],"failureMessages":[],"fullName":"Admin-UI - Pagination Section and Delete Selected Test 1. Should have a pagination","location":null,"status":"passed","title":"1. Should have a pagination"},{"ancestorTitles":["Admin-UI - Pagination Section and Delete Selected Test"],"failureMessages":[],"fullName":"Admin-UI - Pagination Section and Delete Selected Test 2. Should have a go to first page pagination button","location":null,"status":"passed","title":"2. Should have a go to first page pagination button"},{"ancestorTitles":["Admin-UI - Pagination Section and Delete Selected Test"],"failureMessages":[],"fullName":"Admin-UI - Pagination Section and Delete Selected Test 3. Should have a go to previous page pagination button","location":null,"status":"passed","title":"3. Should have a go to previous page pagination button"},{"ancestorTitles":["Admin-UI - Pagination Section and Delete Selected Test"],"failureMessages":[],"fullName":"Admin-UI - Pagination Section and Delete Selected Test 4. Should have a go to next page pagination button","location":null,"status":"passed","title":"4. Should have a go to next page pagination button"},{"ancestorTitles":["Admin-UI - Pagination Section and Delete Selected Test"],"failureMessages":[],"fullName":"Admin-UI - Pagination Section and Delete Selected Test 5. Should have a go to last page pagination button","location":null,"status":"passed","title":"5. Should have a go to last page pagination button"},{"ancestorTitles":["Admin-UI - Pagination Section and Delete Selected Test"],"failureMessages":[],"fullName":"Admin-UI - Pagination Section and Delete Selected Test 6. Should have a go to last page pagination button","location":null,"status":"passed","title":"6. Should have a go to last page pagination button"},{"ancestorTitles":["Admin-UI - Pagination Section and Delete Selected Test"],"failureMessages":[],"fullName":"Admin-UI - Pagination Section and Delete Selected Test 7. Should have a 'Delete Select' button","location":null,"status":"passed","title":"7. Should have a 'Delete Select' button"},{"ancestorTitles":["Admin-UI - Pagination Section and Delete Selected Test"],"failureMessages":[],"fullName":"Admin-UI - Pagination Section and Delete Selected Test 8. 'Delete Select' should remove selected records and show notification","location":null,"status":"passed","title":"8. 'Delete Select' should remove selected records and show notification"}],"endTime":1684379272044,"message":"","name":"C:\\Users\\Rahul Kumar\\Documents\\criodo\\geektrust admin ui\\geektrust-adminui-challenge\\src\\__tests__\\Pagination.test.js","startTime":1684379268581,"status":"passed","summary":""},{"assertionResults":[{"ancestorTitles":["Admin-UI - Admin Table Test"],"failureMessages":[],"fullName":"Admin-UI - Admin Table Test 1. should have a table header","location":null,"status":"passed","title":"1. should have a table header"},{"ancestorTitles":["Admin-UI - Admin Table Test"],"failureMessages":[],"fullName":"Admin-UI - Admin Table Test 2. should have a table body","location":null,"status":"passed","title":"2. should have a table body"},{"ancestorTitles":["Admin-UI - Admin Table Test"],"failureMessages":[],"fullName":"Admin-UI - Admin Table Test 3. should have a table rows with data loaded","location":null,"status":"passed","title":"3. should have a table rows with data loaded"},{"ancestorTitles":["Admin-UI - Admin Table Test"],"failureMessages":[],"fullName":"Admin-UI - Admin Table Test 4. should have an edit button for each user record","location":null,"status":"passed","title":"4. should have an edit button for each user record"},{"ancestorTitles":["Admin-UI - Admin Table Test"],"failureMessages":[],"fullName":"Admin-UI - Admin Table Test 5. should have an delete button for each user record","location":null,"status":"passed","title":"5. should have an delete button for each user record"},{"ancestorTitles":["Admin-UI - Admin Table Test"],"failureMessages":[],"fullName":"Admin-UI - Admin Table Test 6. should delete a user when clicked on the delete button","location":null,"status":"passed","title":"6. should delete a user when clicked on the delete button"},{"ancestorTitles":["Admin-UI - Admin Table Test"],"failureMessages":[],"fullName":"Admin-UI - Admin Table Test 7. should show input box to edit a user record when clicked on the edit button","location":null,"status":"passed","title":"7. should show input box to edit a user record when clicked on the edit button"},{"ancestorTitles":["Admin-UI - Admin Table Test"],"failureMessages":[],"fullName":"Admin-UI - Admin Table Test 8. should have a save button and throw error if 'Name' field is empty when clicked on save button after editing","location":null,"status":"passed","title":"8. should have a save button and throw error if 'Name' field is empty when clicked on save button after editing"},{"ancestorTitles":["Admin-UI - Admin Table Test"],"failureMessages":[],"fullName":"Admin-UI - Admin Table Test 9. should have a save button and throw error if 'Email' field is empty when clicked on save button after editing","location":null,"status":"passed","title":"9. should have a save button and throw error if 'Email' field is empty when clicked on save button after editing"},{"ancestorTitles":["Admin-UI - Admin Table Test"],"failureMessages":[],"fullName":"Admin-UI - Admin Table Test 10. should have a save button and throw error if 'Role' field is empty when clicked on save button after editing","location":null,"status":"passed","title":"10. should have a save button and throw error if 'Role' field is empty when clicked on save button after editing"},{"ancestorTitles":["Admin-UI - Admin Table Test"],"failureMessages":[],"fullName":"Admin-UI - Admin Table Test 11. should save an updated detail successfully after editing","location":null,"status":"passed","title":"11. should save an updated detail successfully after editing"},{"ancestorTitles":["Admin-UI - Admin Table Test"],"failureMessages":[],"fullName":"Admin-UI - Admin Table Test 12. clicking on select All will select only 10 records per page or less than 10 if records shown is less then 10 per page","location":null,"status":"passed","title":"12. clicking on select All will select only 10 records per page or less than 10 if records shown is less then 10 per page"}],"endTime":1684379273310,"message":"","name":"C:\\Users\\Rahul Kumar\\Documents\\criodo\\geektrust admin ui\\geektrust-adminui-challenge\\src\\__tests__\\AdminTable.test.js","startTime":1684379268590,"status":"passed","summary":""}],"wasInterrupted":false}